<?xml version="1.0" encoding="UTF-8"?>
<testsuite xmlns:xsi="http://www.w3.org/2001/XMLSchema-instance" xsi:noNamespaceSchemaLocation="https://maven.apache.org/surefire/maven-surefire-plugin/xsd/surefire-test-report-3.0.xsd" version="3.0" name="org.entdes.todolist.TodolistControllerTest" time="1.785" tests="6" errors="0" skipped="0" failures="0">
  <properties>
[...]
</properties>
  <testcase name="testDeleteTasca" classname="org.entdes.todolist.TodolistControllerTest" time="0.574">
    <system-out><![CDATA[20:46:19.686 [main] INFO org.springframework.test.context.support.AnnotationConfigContextLoaderUtils -- Could not detect default configuration classes for test class [org.entdes.todolist.TodolistControllerTest]: TodolistControllerTest does not declare any static, non-private, non-final, nested classes annotated with @Configuration.
20:46:19.773 [main] INFO org.springframework.boot.test.context.SpringBootTestContextBootstrapper -- Found @SpringBootConfiguration org.entdes.todolist.TodolistApplication for test class org.entdes.todolist.TodolistControllerTest

  .   ____          _            __ _ _
 /\\ / ___'_ __ _ _(_)_ __  __ _ \ \ \ \
( ( )\___ | '_ | '_| | '_ \/ _` | \ \ \ \
 \\/  ___)| |_)| | | | | || (_| |  ) ) ) )
  '  |____| .__|_| |_|_| |_\__, | / / / /
 =========|_|==============|___/=/_/_/_/

 :: Spring Boot ::                (v3.3.5)

2024-12-14T20:46:20.004+01:00  INFO 44041 --- [todolist] [           main] o.e.todolist.TodolistControllerTest      : Starting TodolistControllerTest using Java 21.0.5 with PID 44041 (started by walid in /home/walid/Code/ENTDES/todolist_java)
2024-12-14T20:46:20.005+01:00  INFO 44041 --- [todolist] [           main] o.e.todolist.TodolistControllerTest      : No active profile set, falling back to 1 default profile: "default"
2024-12-14T20:46:20.371+01:00  INFO 44041 --- [todolist] [           main] o.s.b.a.w.s.WelcomePageHandlerMapping    : Adding welcome page template: index
2024-12-14T20:46:20.530+01:00  INFO 44041 --- [todolist] [           main] o.s.b.t.m.w.SpringBootMockServletContext : Initializing Spring TestDispatcherServlet ''
2024-12-14T20:46:20.530+01:00  INFO 44041 --- [todolist] [           main] o.s.t.web.servlet.TestDispatcherServlet  : Initializing Servlet ''
2024-12-14T20:46:20.532+01:00  INFO 44041 --- [todolist] [           main] o.s.t.web.servlet.TestDispatcherServlet  : Completed initialization in 1 ms
2024-12-14T20:46:20.549+01:00  INFO 44041 --- [todolist] [           main] o.e.todolist.TodolistControllerTest      : Started TodolistControllerTest in 0.733 seconds (process running for 1.292)
]]></system-out>
    <system-err><![CDATA[WARNING: A Java agent has been loaded dynamically (/home/walid/.m2/repository/net/bytebuddy/byte-buddy-agent/1.14.19/byte-buddy-agent-1.14.19.jar)
WARNING: If a serviceability tool is in use, please run with -XX:+EnableDynamicAgentLoading to hide this warning
WARNING: If a serviceability tool is not in use, please run with -Djdk.instrument.traceUsage for more information
WARNING: Dynamic loading of agents will be disallowed by default in a future release
]]></system-err>
  </testcase>
  <testcase name="testUpdateTasca" classname="org.entdes.todolist.TodolistControllerTest" time="0.005"/>
  <testcase name="testGetTasques" classname="org.entdes.todolist.TodolistControllerTest" time="0.205"/>
  <testcase name="testHome" classname="org.entdes.todolist.TodolistControllerTest" time="0.006"/>
  <testcase name="testAddTasca" classname="org.entdes.todolist.TodolistControllerTest" time="0.005"/>
  <testcase name="testAddTascaEmptyDescription" classname="org.entdes.todolist.TodolistControllerTest" time="0.004"/>
</testsuite>